<testsuites id="" name="" tests="1" failures="0" skipped="0" errors="0" time="14.825229">
<testsuite name="test-3.spec.ts" timestamp="2025-11-07T01:28:43.887Z" hostname="chromium" tests="1" failures="0" skipped="0" time="8.98" errors="0">
<testcase name="Facebook Registration Form › should successfully fill out the registration form with valid user data" classname="test-3.spec.ts" time="8.98">
<system-out>
<![CDATA[
[[ATTACHMENT|test-results\test-3-Facebook-Registrati-37c23-n-form-with-valid-user-data-chromium\trace.zip]]
]]>
</system-out>
</testcase>
</testsuite>
</testsuites>